2025-03-13 14:58:48.073103: I tensorflow/core/util/port.cc:153] oneDNN custom operations are on. You may see slightly different numerical results due to floating-point round-off errors from different computation orders. To turn them off, set the environment variable `TF_ENABLE_ONEDNN_OPTS=0`.
2025-03-13 14:58:48.259343: E external/local_xla/xla/stream_executor/cuda/cuda_fft.cc:485] Unable to register cuFFT factory: Attempting to register factory for plugin cuFFT when one has already been registered
2025-03-13 14:58:48.301759: E external/local_xla/xla/stream_executor/cuda/cuda_dnn.cc:8454] Unable to register cuDNN factory: Attempting to register factory for plugin cuDNN when one has already been registered
2025-03-13 14:58:48.307505: E external/local_xla/xla/stream_executor/cuda/cuda_blas.cc:1452] Unable to register cuBLAS factory: Attempting to register factory for plugin cuBLAS when one has already been registered
2025-03-13 14:58:48.376050: I tensorflow/core/platform/cpu_feature_guard.cc:210] This TensorFlow binary is optimized to use available CPU instructions in performance-critical operations.
To enable the following instructions: AVX2 AVX512F AVX512_VNNI FMA, in other operations, rebuild TensorFlow with the appropriate compiler flags.
2025-03-13 14:58:51.354285: W tensorflow/compiler/tf2tensorrt/utils/py_utils.cc:38] TF-TRT Warning: Could not find TensorRT
Traceback (most recent call last):
  File "<frozen runpy>", line 198, in _run_module_as_main
  File "<frozen runpy>", line 88, in _run_code
  File "/home/mqa887/audio-xai/src/xai/objective1_experiments.py", line 218, in <module>
    main() 
    ^^^^^^
  File "/home/mqa887/audio-xai/src/xai/objective1_experiments.py", line 200, in main
    experiment = XAIExperiment(
                 ^^^^^^^^^^^^^^
  File "/home/mqa887/audio-xai/src/xai/objective1_experiments.py", line 32, in __init__
    self.model = self.load_model(model_path)
                 ^^^^^^^^^^^^^^^^^^^^^^^^^^^
  File "/home/mqa887/audio-xai/src/xai/objective1_experiments.py", line 69, in load_model
    model = AlexNet().to(self.device)
            ^^^^^^^
NameError: name 'AlexNet' is not defined
