Start time: 2025-03-15 11:39:36
Loading Anaconda module...
Activating conda environment...
Conda environment:

# conda environments:
#
base                   /apps/anaconda3/2024.10-1
AI                     /home/mqa887/.conda/envs/AI
myvm                 * /home/mqa887/.conda/envs/myvm

GPU information:
Sat Mar 15 11:39:39 2025       
+---------------------------------------------------------------------------------------+
| NVIDIA-SMI 545.23.08              Driver Version: 545.23.08    CUDA Version: 12.3     |
|-----------------------------------------+----------------------+----------------------+
| GPU  Name                 Persistence-M | Bus-Id        Disp.A | Volatile Uncorr. ECC |
| Fan  Temp   Perf          Pwr:Usage/Cap |         Memory-Usage | GPU-Util  Compute M. |
|                                         |                      |               MIG M. |
|=========================================+======================+======================|
|   0  Tesla V100S-PCIE-32GB          On  | 00000000:3B:00.0 Off |                  Off |
| N/A   29C    P0              25W / 250W |      0MiB / 32768MiB |      0%      Default |
|                                         |                      |                  N/A |
+-----------------------------------------+----------------------+----------------------+
|   1  Tesla V100S-PCIE-32GB          On  | 00000000:D8:00.0 Off |                  Off |
| N/A   30C    P0              28W / 250W |      0MiB / 32768MiB |      0%      Default |
|                                         |                      |                  N/A |
+-----------------------------------------+----------------------+----------------------+
                                                                                         
+---------------------------------------------------------------------------------------+
| Processes:                                                                            |
|  GPU   GI   CI        PID   Type   Process name                            GPU Memory |
|        ID   ID                                                             Usage      |
|=======================================================================================|
|  No running processes found                                                           |
+---------------------------------------------------------------------------------------+
Running XAI experiments...
Using device: cuda

Generating explanations for Saliency...
Evaluating Faithfulness for Saliency...
Evaluating Robustness for Saliency...
Evaluating Complexity for Saliency...
Evaluating Randomisation for Saliency...

Generating explanations for IntegratedGradients...
Evaluating Faithfulness for IntegratedGradients...
Evaluating Robustness for IntegratedGradients...
Evaluating Complexity for IntegratedGradients...
Evaluating Randomisation for IntegratedGradients...

Generating explanations for GuidedGradCam...
Evaluating Faithfulness for GuidedGradCam...
Evaluating Robustness for GuidedGradCam...
Evaluating Complexity for GuidedGradCam...
Evaluating Randomisation for GuidedGradCam...
Error evaluating Randomisation for GuidedGradCam: The elements in the attribution vector are all equal to zero, which may cause inconsistent results since many metrics rely on ordering. Recompute the explanations.

Experiment completed successfully!
Results saved to: results/audiomnist/xai_results

Summary of results:

Saliency:
  Faithfulness: 0.1841
  Robustness: 0.1373
  Complexity: 0.8394
  Randomisation: 0.7254

IntegratedGradients:
  Faithfulness: -0.4546
  Robustness: 0.2129
  Complexity: 0.7984
  Randomisation: 0.7125

GuidedGradCam:
  Faithfulness: 0.4038
  Robustness: 0.1408
  Complexity: 0.9172
XAI experiments completed successfully!
End time: 2025-03-15 11:40:38
