2025-04-21 01:53:41.582268: I tensorflow/core/util/port.cc:153] oneDNN custom operations are on. You may see slightly different numerical results due to floating-point round-off errors from different computation orders. To turn them off, set the environment variable `TF_ENABLE_ONEDNN_OPTS=0`.
2025-04-21 01:53:41.746830: E external/local_xla/xla/stream_executor/cuda/cuda_fft.cc:485] Unable to register cuFFT factory: Attempting to register factory for plugin cuFFT when one has already been registered
2025-04-21 01:53:41.782952: E external/local_xla/xla/stream_executor/cuda/cuda_dnn.cc:8454] Unable to register cuDNN factory: Attempting to register factory for plugin cuDNN when one has already been registered
2025-04-21 01:53:41.788140: E external/local_xla/xla/stream_executor/cuda/cuda_blas.cc:1452] Unable to register cuBLAS factory: Attempting to register factory for plugin cuBLAS when one has already been registered
2025-04-21 01:53:41.849692: I tensorflow/core/platform/cpu_feature_guard.cc:210] This TensorFlow binary is optimized to use available CPU instructions in performance-critical operations.
To enable the following instructions: AVX2 AVX512F AVX512_VNNI FMA, in other operations, rebuild TensorFlow with the appropriate compiler flags.
2025-04-21 01:53:44.366638: W tensorflow/compiler/tf2tensorrt/utils/py_utils.cc:38] TF-TRT Warning: Could not find TensorRT
Traceback (most recent call last):
  File "<frozen runpy>", line 198, in _run_module_as_main
  File "<frozen runpy>", line 88, in _run_code
  File "/home/mqa887/audio-xai/experiments/objective_1_2/src/xai/objective2_experiments_MNIST.py", line 94, in <module>
    main()
  File "/home/mqa887/audio-xai/experiments/objective_1_2/src/xai/objective2_experiments_MNIST.py", line 81, in main
    faith, comp = evaluate_ig(model, inputs, labels, mode)
                  ^^^^^^^^^^^^^^^^^^^^^^^^^^^^^^^^^^^^^^^^
  File "/home/mqa887/audio-xai/experiments/objective_1_2/src/xai/objective2_experiments_MNIST.py", line 36, in evaluate_ig
    attributions = ig.attribute(inputs, baselines=baseline, target=labels)
                   ^^^^^^^^^^^^^^^^^^^^^^^^^^^^^^^^^^^^^^^^^^^^^^^^^^^^^^^
  File "/home/mqa887/.conda/envs/myvm/lib/python3.12/site-packages/captum/log/__init__.py", line 42, in wrapper
    return func(*args, **kwargs)
           ^^^^^^^^^^^^^^^^^^^^^
  File "/home/mqa887/.conda/envs/myvm/lib/python3.12/site-packages/captum/attr/_core/integrated_gradients.py", line 286, in attribute
    attributions = self._attribute(
                   ^^^^^^^^^^^^^^^^
  File "/home/mqa887/.conda/envs/myvm/lib/python3.12/site-packages/captum/attr/_core/integrated_gradients.py", line 351, in _attribute
    grads = self.gradient_func(
            ^^^^^^^^^^^^^^^^^^^
  File "/home/mqa887/.conda/envs/myvm/lib/python3.12/site-packages/captum/_utils/gradient.py", line 112, in compute_gradients
    outputs = _run_forward(forward_fn, inputs, target_ind, additional_forward_args)
              ^^^^^^^^^^^^^^^^^^^^^^^^^^^^^^^^^^^^^^^^^^^^^^^^^^^^^^^^^^^^^^^^^^^^^
  File "/home/mqa887/.conda/envs/myvm/lib/python3.12/site-packages/captum/_utils/common.py", line 531, in _run_forward
    output = forward_func(
             ^^^^^^^^^^^^^
  File "/home/mqa887/.conda/envs/myvm/lib/python3.12/site-packages/torch/nn/modules/module.py", line 1532, in _wrapped_call_impl
    return self._call_impl(*args, **kwargs)
           ^^^^^^^^^^^^^^^^^^^^^^^^^^^^^^^^
  File "/home/mqa887/.conda/envs/myvm/lib/python3.12/site-packages/torch/nn/modules/module.py", line 1541, in _call_impl
    return forward_call(*args, **kwargs)
           ^^^^^^^^^^^^^^^^^^^^^^^^^^^^^
  File "/home/mqa887/audio-xai/experiments/objective_1_2/src/models/architectures.py", line 34, in forward
    x = self.features(x)
        ^^^^^^^^^^^^^^^^
  File "/home/mqa887/.conda/envs/myvm/lib/python3.12/site-packages/torch/nn/modules/module.py", line 1532, in _wrapped_call_impl
    return self._call_impl(*args, **kwargs)
           ^^^^^^^^^^^^^^^^^^^^^^^^^^^^^^^^
  File "/home/mqa887/.conda/envs/myvm/lib/python3.12/site-packages/torch/nn/modules/module.py", line 1541, in _call_impl
    return forward_call(*args, **kwargs)
           ^^^^^^^^^^^^^^^^^^^^^^^^^^^^^
  File "/home/mqa887/.conda/envs/myvm/lib/python3.12/site-packages/torch/nn/modules/container.py", line 217, in forward
    input = module(input)
            ^^^^^^^^^^^^^
  File "/home/mqa887/.conda/envs/myvm/lib/python3.12/site-packages/torch/nn/modules/module.py", line 1532, in _wrapped_call_impl
    return self._call_impl(*args, **kwargs)
           ^^^^^^^^^^^^^^^^^^^^^^^^^^^^^^^^
  File "/home/mqa887/.conda/envs/myvm/lib/python3.12/site-packages/torch/nn/modules/module.py", line 1541, in _call_impl
    return forward_call(*args, **kwargs)
           ^^^^^^^^^^^^^^^^^^^^^^^^^^^^^
  File "/home/mqa887/.conda/envs/myvm/lib/python3.12/site-packages/torch/nn/modules/conv.py", line 460, in forward
    return self._conv_forward(input, self.weight, self.bias)
           ^^^^^^^^^^^^^^^^^^^^^^^^^^^^^^^^^^^^^^^^^^^^^^^^^
  File "/home/mqa887/.conda/envs/myvm/lib/python3.12/site-packages/torch/nn/modules/conv.py", line 456, in _conv_forward
    return F.conv2d(input, weight, bias, self.stride,
           ^^^^^^^^^^^^^^^^^^^^^^^^^^^^^^^^^^^^^^^^^^
torch.cuda.OutOfMemoryError: CUDA out of memory. Tried to allocate 8.05 GiB. GPU 
