Start time: 2025-04-21 01:56:26
Loading Anaconda module...
Activating conda environment...
Conda environment:

# conda environments:
#
base                   /apps/anaconda3/2024.10-1
AI                     /home/mqa887/.conda/envs/AI
myvm                 * /home/mqa887/.conda/envs/myvm

GPU information:
Mon Apr 21 01:56:29 2025       
+---------------------------------------------------------------------------------------+
| NVIDIA-SMI 545.23.08              Driver Version: 545.23.08    CUDA Version: 12.3     |
|-----------------------------------------+----------------------+----------------------+
| GPU  Name                 Persistence-M | Bus-Id        Disp.A | Volatile Uncorr. ECC |
| Fan  Temp   Perf          Pwr:Usage/Cap |         Memory-Usage | GPU-Util  Compute M. |
|                                         |                      |               MIG M. |
|=========================================+======================+======================|
|   0  Tesla V100S-PCIE-32GB          On  | 00000000:3B:00.0 Off |                  Off |
| N/A   27C    P0              23W / 250W |      0MiB / 32768MiB |      0%      Default |
|                                         |                      |                  N/A |
+-----------------------------------------+----------------------+----------------------+
                                                                                         
+---------------------------------------------------------------------------------------+
| Processes:                                                                            |
|  GPU   GI   CI        PID   Type   Process name                            GPU Memory |
|        ID   ID                                                             Usage      |
|=======================================================================================|
|  No running processes found                                                           |
+---------------------------------------------------------------------------------------+
Running MNISTxai experiments...
Running IG for baseline: zero
Running IG for baseline: median
Running IG for baseline: low_energy_mask
Running IG for baseline: noisy_silence

Results:
                 faithfulness  complexity
zero                 0.614209    0.916809
median               0.423728    0.888951
low_energy_mask      0.616458    0.916808
noisy_silence        0.632883    0.832602
Objective 2 experiments completed successfully!
End time: 2025-04-21 01:57:21
