Start time: 2025-04-21 01:02:29
Loading Anaconda module...
Activating conda environment...
Conda environment:

# conda environments:
#
base                   /apps/anaconda3/2024.10-1
AI                     /home/mqa887/.conda/envs/AI
myvm                 * /home/mqa887/.conda/envs/myvm

GPU information:
Mon Apr 21 01:02:32 2025       
+---------------------------------------------------------------------------------------+
| NVIDIA-SMI 545.23.08              Driver Version: 545.23.08    CUDA Version: 12.3     |
|-----------------------------------------+----------------------+----------------------+
| GPU  Name                 Persistence-M | Bus-Id        Disp.A | Volatile Uncorr. ECC |
| Fan  Temp   Perf          Pwr:Usage/Cap |         Memory-Usage | GPU-Util  Compute M. |
|                                         |                      |               MIG M. |
|=========================================+======================+======================|
|   0  Tesla V100S-PCIE-32GB          On  | 00000000:3B:00.0 Off |                  Off |
| N/A   27C    P0              23W / 250W |      0MiB / 32768MiB |      0%      Default |
|                                         |                      |                  N/A |
+-----------------------------------------+----------------------+----------------------+
                                                                                         
+---------------------------------------------------------------------------------------+
| Processes:                                                                            |
|  GPU   GI   CI        PID   Type   Process name                            GPU Memory |
|        ID   ID                                                             Usage      |
|=======================================================================================|
|  No running processes found                                                           |
+---------------------------------------------------------------------------------------+
Running MNISTxai experiments...
Using device: cuda

Generating explanations for Saliency...
Evaluating Faithfulness for Saliency...
Evaluating Robustness for Saliency...
Error evaluating Robustness for Saliency: XAIExperiment.generate_explanations() got an unexpected keyword argument 'model'
Evaluating Complexity for Saliency...
Evaluating Randomisation for Saliency...
Error evaluating Randomisation for Saliency: XAIExperiment.generate_explanations() got an unexpected keyword argument 'model'

Generating explanations for IntegratedGradients...
Evaluating Faithfulness for IntegratedGradients...
Evaluating Robustness for IntegratedGradients...
Error evaluating Robustness for IntegratedGradients: XAIExperiment.generate_explanations() got an unexpected keyword argument 'model'
Evaluating Complexity for IntegratedGradients...
Evaluating Randomisation for IntegratedGradients...
Error evaluating Randomisation for IntegratedGradients: XAIExperiment.generate_explanations() got an unexpected keyword argument 'model'

Generating explanations for GuidedGradCam...
Evaluating Faithfulness for GuidedGradCam...
Evaluating Robustness for GuidedGradCam...
Error evaluating Robustness for GuidedGradCam: XAIExperiment.generate_explanations() got an unexpected keyword argument 'model'
Evaluating Complexity for GuidedGradCam...
Evaluating Randomisation for GuidedGradCam...
Error evaluating Randomisation for GuidedGradCam: XAIExperiment.generate_explanations() got an unexpected keyword argument 'model'

Generating explanations for DeepLift...
Evaluating Faithfulness for DeepLift...
Evaluating Robustness for DeepLift...
Error evaluating Robustness for DeepLift: XAIExperiment.generate_explanations() got an unexpected keyword argument 'model'
Evaluating Complexity for DeepLift...
Evaluating Randomisation for DeepLift...
Error evaluating Randomisation for DeepLift: XAIExperiment.generate_explanations() got an unexpected keyword argument 'model'

Generating explanations for InputXGradient...
Evaluating Faithfulness for InputXGradient...
Evaluating Robustness for InputXGradient...
Error evaluating Robustness for InputXGradient: XAIExperiment.generate_explanations() got an unexpected keyword argument 'model'
Evaluating Complexity for InputXGradient...
Evaluating Randomisation for InputXGradient...
Error evaluating Randomisation for InputXGradient: XAIExperiment.generate_explanations() got an unexpected keyword argument 'model'

Generating explanations for Occlusion...
Evaluating Faithfulness for Occlusion...
Evaluating Robustness for Occlusion...
Error evaluating Robustness for Occlusion: XAIExperiment.generate_explanations() got an unexpected keyword argument 'model'
Evaluating Complexity for Occlusion...
Evaluating Randomisation for Occlusion...
Error evaluating Randomisation for Occlusion: XAIExperiment.generate_explanations() got an unexpected keyword argument 'model'
Error in run_experiments: '<=' not supported between instances of 'dict' and 'dict'

Experiment completed successfully!
Results saved to: obj2/zero_per_sample

Summary of results:

Saliency:
  Faithfulness: {'mean': 0.09565161925346438, 'per_sample': [0.09565161925346438]}
  Robustness: None
  Complexity: {'mean': 0.8393494012639484, 'per_sample': [0.7459684320684472, 0.8567859438758499, 0.8415249051454062, 0.9108026303868068, 0.8638747972939484, 0.7835615031011989, 0.9191464717826864, 0.7452226249305474, 0.8807571211918723, 0.8900968014371649, 0.749208595164333, 0.8498531006652839, 0.9358348863090368, 0.8728012335712046, 0.87981563930132, 0.8134876585201508, 0.7249223458491203, 0.8332198203840593, 0.8284626640874505, 0.8536855452148205, 0.8394528231086383, 0.7190896914289427, 0.8612328877233131, 0.7952762031179519, 0.8192085097342324, 0.8768208431643864, 0.847962124068151, 0.84745513582176, 0.8668141543515169, 0.8726801657667559, 0.8810176522781926, 0.8531379296017992]}
  Randomisation: None

IntegratedGradients:
  Faithfulness: {'mean': -0.45458517099165174, 'per_sample': [-0.45458517099165174]}
  Robustness: None
  Complexity: {'mean': 0.7983825131462141, 'per_sample': [0.7457317607236627, 0.8275404988000572, 0.7924415716807053, 0.8956192165147564, 0.789418434790354, 0.707701263052919, 0.8868813567440128, 0.7402822697650275, 0.8075517281409418, 0.8213378296855541, 0.7187773077511995, 0.7996488744699459, 0.9045701432244424, 0.8289643881205784, 0.8067648977409627, 0.7892136194988193, 0.697457003082373, 0.7849936041078752, 0.7983270955765, 0.7921341138482172, 0.8060156421612967, 0.6945018350268952, 0.814358455545191, 0.7611742836660343, 0.7848411006939494, 0.8377883413399787, 0.8085569594855253, 0.8122597574817312, 0.8247042384371193, 0.8374307425092891, 0.82780198646187, 0.8034501005510635]}
  Randomisation: None

GuidedGradCam:
  Faithfulness: {'mean': 0.40383554341484057, 'per_sample': [0.40383554341484057]}
  Robustness: None
  Complexity: {'mean': 0.9172273475565305, 'per_sample': [0.8480154239771345, 0.667828354938015, 0.5418629126313019, 0.9739756799233077, 0.9651654480916826, 0.9614805508774481, 0.9784558601215724, 0.6614922048002264, 0.9570379579550387, 0.9587902973001858, 0.9653030888078991, 0.7822212207590985, 0.9770708827526485, 0.963357432627502, 0.9652553336549861, 0.9569955433137334, 0.9506697381779269, 0.9257069932828992, 0.9595380334564999, 0.9390620461976941, 0.96329435168604, 0.910819808363289, 0.9713689367898276, 0.9596249717844375, 0.9648096772051266, 0.9585981516715563, 0.9508300116069217, 0.9508074829177754, 0.945442074621287, 0.9620420872306498, 0.9489187155753047, 0.9654338487099599]}
  Randomisation: None

DeepLift:
  Faithfulness: {'mean': -0.474566735563206, 'per_sample': [-0.474566735563206]}
  Robustness: None
  Complexity: {'mean': 0.8092640322125808, 'per_sample': [0.7593824758749202, 0.849759266651929, 0.7998015838186039, 0.8970241997154953, 0.8106871608131153, 0.7165753184650332, 0.8888070348365856, 0.7587595765034567, 0.8300540213570289, 0.8451274219634789, 0.7479797936252169, 0.7994948894017601, 0.9092737158293823, 0.8300811071068489, 0.807998666407868, 0.7918317558960603, 0.7263871099021956, 0.7896377262131884, 0.7996529643718403, 0.7850574561524579, 0.8093685089771133, 0.7089778748676367, 0.8501600026227786, 0.7719230620393369, 0.7923706598421255, 0.8291523511177549, 0.8242962257449933, 0.8199623544714981, 0.8392941188791258, 0.8515326888525778, 0.8419534402986164, 0.8140844981825603]}
  Randomisation: None

InputXGradient:
  Faithfulness: {'mean': -0.47776693983860113, 'per_sample': [-0.47776693983860113]}
  Robustness: None
  Complexity: {'mean': 0.7932011624315809, 'per_sample': [0.6980987855894251, 0.8097550381762955, 0.7921078456012216, 0.8915163166462775, 0.8394416521061676, 0.7187635360606301, 0.8765117161750723, 0.716275014603782, 0.831487187234127, 0.8311697118462034, 0.6989135755711214, 0.7935554915719969, 0.907239605641259, 0.818843976105526, 0.7994565899328752, 0.7836744790283182, 0.6882903421090834, 0.7921999195720734, 0.8040025507309223, 0.8092120841409819, 0.7861491704775808, 0.6667599513288179, 0.8265661279894033, 0.7497012152016416, 0.7748933790944589, 0.8097058437678005, 0.7806433553928902, 0.8205465476579178, 0.8315040937333598, 0.8276430617590416, 0.8138137478421329, 0.7939952851221848]}
  Randomisation: None

Occlusion:
  Faithfulness: {'mean': -0.04140823221228205, 'per_sample': [-0.04140823221228205]}
  Robustness: None
  Complexity: {'mean': 0.5031475061554064, 'per_sample': [0.4327811700641343, 0.39025607272526275, 0.42490126564542213, 0.7443177983307598, 0.5595385626479915, 0.4559292013222142, 0.7203608648166117, 0.5598976513957108, 0.45840836948242963, 0.511214998046055, 0.4151079353340097, 0.44679067755362145, 0.6499942878866289, 0.45141994216250314, 0.5576175243198739, 0.5093905707642838, 0.5095180309369076, 0.5570084350645037, 0.48505518009962273, 0.4955352433282661, 0.5309987865328907, 0.44594577143464753, 0.5478919363682404, 0.46856665875384096, 0.4985659641386579, 0.41941565652903584, 0.3574624577456295, 0.4492816982535094, 0.46382011112171484, 0.55778366719779, 0.5116979882660067, 0.5142457187042258]}
  Randomisation: None
Objective 2 experiments completed successfully!
End time: 2025-04-21 01:03:22
