Start time: 2025-03-13 14:41:19
Loading Anaconda module...
Activating conda environment...
Conda environment:

# conda environments:
#
base                   /apps/anaconda3/2024.10-1
AI                     /home/mqa887/.conda/envs/AI
myvm                 * /home/mqa887/.conda/envs/myvm

GPU information:
Thu Mar 13 14:41:22 2025       
+---------------------------------------------------------------------------------------+
| NVIDIA-SMI 545.23.08              Driver Version: 545.23.08    CUDA Version: 12.3     |
|-----------------------------------------+----------------------+----------------------+
| GPU  Name                 Persistence-M | Bus-Id        Disp.A | Volatile Uncorr. ECC |
| Fan  Temp   Perf          Pwr:Usage/Cap |         Memory-Usage | GPU-Util  Compute M. |
|                                         |                      |               MIG M. |
|=========================================+======================+======================|
|   0  Tesla V100S-PCIE-32GB          On  | 00000000:3B:00.0 Off |                  Off |
| N/A   27C    P0              25W / 250W |      0MiB / 32768MiB |      0%      Default |
|                                         |                      |                  N/A |
+-----------------------------------------+----------------------+----------------------+
|   1  Tesla V100S-PCIE-32GB          On  | 00000000:D8:00.0 Off |                  Off |
| N/A   28C    P0              22W / 250W |      0MiB / 32768MiB |      0%      Default |
|                                         |                      |                  N/A |
+-----------------------------------------+----------------------+----------------------+
                                                                                         
+---------------------------------------------------------------------------------------+
| Processes:                                                                            |
|  GPU   GI   CI        PID   Type   Process name                            GPU Memory |
|        ID   ID                                                             Usage      |
|=======================================================================================|
|  No running processes found                                                           |
+---------------------------------------------------------------------------------------+
Running audioMNIST Training script...
Using device: cuda
Epoch 1/50:
Train Loss: 3.5208, Train Acc: 0.1156
Val Loss: 2.2126, Val Acc: 0.1111
Epoch 2/50:
Train Loss: 2.1926, Train Acc: 0.1130
Val Loss: 2.1969, Val Acc: 0.1500
Epoch 3/50:
Train Loss: 1.7537, Train Acc: 0.2581
Val Loss: 1.6403, Val Acc: 0.3144
Epoch 4/50:
Train Loss: 1.4721, Train Acc: 0.3726
Val Loss: 1.5417, Val Acc: 0.3800
Epoch 5/50:
Train Loss: 1.1492, Train Acc: 0.5315
Val Loss: 1.3014, Val Acc: 0.4733
Epoch 6/50:
Train Loss: 1.0578, Train Acc: 0.5685
Val Loss: 0.8887, Val Acc: 0.6711
Epoch 7/50:
Train Loss: 0.8989, Train Acc: 0.6463
Val Loss: 0.8542, Val Acc: 0.7011
Epoch 8/50:
Train Loss: 0.6783, Train Acc: 0.7504
Val Loss: 0.5675, Val Acc: 0.8144
Epoch 9/50:
Train Loss: 0.5504, Train Acc: 0.8070
Val Loss: 0.7826, Val Acc: 0.7700
Epoch 10/50:
Train Loss: 0.5150, Train Acc: 0.8296
Val Loss: 0.4876, Val Acc: 0.8267
Epoch 11/50:
Train Loss: 0.4435, Train Acc: 0.8600
Val Loss: 0.4087, Val Acc: 0.8578
Epoch 12/50:
Train Loss: 0.4337, Train Acc: 0.8596
Val Loss: 0.5390, Val Acc: 0.8311
Epoch 13/50:
Train Loss: 0.3858, Train Acc: 0.8763
Val Loss: 0.4311, Val Acc: 0.8444
Epoch 14/50:
Train Loss: 0.3189, Train Acc: 0.9022
Val Loss: 0.8651, Val Acc: 0.8267
Epoch 15/50:
Train Loss: 0.3426, Train Acc: 0.9000
Val Loss: 0.4227, Val Acc: 0.8967
Epoch 16/50:
Train Loss: 0.2793, Train Acc: 0.9207
Val Loss: 0.2765, Val Acc: 0.9244
Epoch 17/50:
Train Loss: 0.2170, Train Acc: 0.9363
Val Loss: 0.3634, Val Acc: 0.8911
Epoch 18/50:
Train Loss: 0.2215, Train Acc: 0.9352
Val Loss: 0.4615, Val Acc: 0.8700
Epoch 19/50:
Train Loss: 0.2198, Train Acc: 0.9326
Val Loss: 0.3279, Val Acc: 0.9356
Epoch 20/50:
Train Loss: 0.1993, Train Acc: 0.9389
Val Loss: 0.3984, Val Acc: 0.8933
Epoch 21/50:
Train Loss: 0.1415, Train Acc: 0.9548
Val Loss: 0.2350, Val Acc: 0.9411
Epoch 22/50:
Train Loss: 0.2805, Train Acc: 0.9185
Val Loss: 0.4617, Val Acc: 0.8844
Epoch 23/50:
Train Loss: 0.3533, Train Acc: 0.9048
Val Loss: 0.3191, Val Acc: 0.9122
Epoch 24/50:
Train Loss: 0.2663, Train Acc: 0.9248
Val Loss: 0.3071, Val Acc: 0.9300
Epoch 25/50:
Train Loss: 0.2458, Train Acc: 0.9311
Val Loss: 0.4134, Val Acc: 0.8989
Epoch 26/50:
Train Loss: 0.1789, Train Acc: 0.9481
Val Loss: 0.3524, Val Acc: 0.9122
Epoch 27/50:
Train Loss: 0.1914, Train Acc: 0.9489
Val Loss: 0.5232, Val Acc: 0.9111
Epoch 28/50:
Train Loss: 0.1756, Train Acc: 0.9519
Val Loss: 0.2387, Val Acc: 0.9378
Epoch 29/50:
Train Loss: 0.1171, Train Acc: 0.9619
Val Loss: 0.3039, Val Acc: 0.9344
Epoch 30/50:
Train Loss: 0.1367, Train Acc: 0.9581
Val Loss: 0.3478, Val Acc: 0.9322
Epoch 31/50:
Train Loss: 0.2079, Train Acc: 0.9437
Val Loss: 0.5709, Val Acc: 0.8778
Epoch 32/50:
Train Loss: 0.1640, Train Acc: 0.9537
Val Loss: 0.9240, Val Acc: 0.8889
Epoch 33/50:
Train Loss: 0.1996, Train Acc: 0.9467
Val Loss: 0.4455, Val Acc: 0.9233
Epoch 34/50:
Train Loss: 0.1499, Train Acc: 0.9570
Val Loss: 0.3562, Val Acc: 0.9344
Epoch 35/50:
Train Loss: 0.1704, Train Acc: 0.9533
Val Loss: 0.3095, Val Acc: 0.9233
Epoch 36/50:
Train Loss: 0.2097, Train Acc: 0.9381
Val Loss: 0.5811, Val Acc: 0.9000
Epoch 37/50:
Train Loss: 0.2824, Train Acc: 0.9200
Val Loss: 0.5888, Val Acc: 0.8678
Epoch 38/50:
Train Loss: 0.2390, Train Acc: 0.9359
Val Loss: 0.4359, Val Acc: 0.9167
Epoch 39/50:
Train Loss: 0.1503, Train Acc: 0.9574
Val Loss: 0.2069, Val Acc: 0.9467
Epoch 40/50:
Train Loss: 0.1199, Train Acc: 0.9700
Val Loss: 0.1734, Val Acc: 0.9556
Epoch 41/50:
Train Loss: 0.1171, Train Acc: 0.9644
Val Loss: 0.3484, Val Acc: 0.9289
Epoch 42/50:
Train Loss: 0.1795, Train Acc: 0.9570
Val Loss: 0.3479, Val Acc: 0.9133
Epoch 43/50:
Train Loss: 0.1029, Train Acc: 0.9685
Val Loss: 0.2635, Val Acc: 0.9478
Epoch 44/50:
Train Loss: 0.0910, Train Acc: 0.9767
Val Loss: 0.3287, Val Acc: 0.9367
Epoch 45/50:
Train Loss: 0.0647, Train Acc: 0.9793
Val Loss: 0.4175, Val Acc: 0.9500
Epoch 46/50:
Train Loss: 0.1958, Train Acc: 0.9548
Val Loss: 0.3176, Val Acc: 0.9500
Epoch 47/50:
Train Loss: 0.1556, Train Acc: 0.9622
Val Loss: 0.3633, Val Acc: 0.9289
Epoch 48/50:
Train Loss: 0.2239, Train Acc: 0.9474
Val Loss: 0.5338, Val Acc: 0.9322
Epoch 49/50:
Train Loss: 0.0702, Train Acc: 0.9774
Val Loss: 0.3641, Val Acc: 0.9433
Epoch 50/50:
Train Loss: 0.1946, Train Acc: 0.9489
Val Loss: 0.3395, Val Acc: 0.9300

Training completed. Results saved to results/audiomnist
Test Accuracy: 0.9622

Classification Report:
              precision    recall  f1-score   support

           1       0.89      0.90      0.90       100
           2       0.98      0.90      0.94       100
           3       1.00      1.00      1.00       100
           4       0.96      0.99      0.98       100
           5       1.00      0.99      0.99       100
           6       0.92      0.97      0.94       100
           7       0.97      0.96      0.96       100
           8       0.98      0.98      0.98       100
           9       0.97      0.97      0.97       100

    accuracy                           0.96       900
   macro avg       0.96      0.96      0.96       900
weighted avg       0.96      0.96      0.96       900

Preprocessing completed successfully!
End time: 2025-03-13 14:42:24
